<?xml version="1.0" encoding="UTF-8" ?>
<testsuite errors="0" failures="0" hostname="atalati-mac" name="org.netbeans.modules.java.hints.suggestions.TooStrongCastTest" skipped="0" tests="28" time="16.649" timestamp="2024-05-27T11:07:28">
  <properties>
[...]
</properties>
  <testcase classname="org.netbeans.modules.java.hints.suggestions.TooStrongCastTest" name="testVarargOKCastNullItem" time="1.563" />
  <testcase classname="org.netbeans.modules.java.hints.suggestions.TooStrongCastTest" name="testCastLoosingPrecision" time="0.567" />
  <testcase classname="org.netbeans.modules.java.hints.suggestions.TooStrongCastTest" name="testOKAmbiguousMethod" time="0.564" />
  <testcase classname="org.netbeans.modules.java.hints.suggestions.TooStrongCastTest" name="testCharToCodeConversionDouble" time="0.596" />
  <testcase classname="org.netbeans.modules.java.hints.suggestions.TooStrongCastTest" name="testCharToCodeConversionInt" time="0.549" />
  <testcase classname="org.netbeans.modules.java.hints.suggestions.TooStrongCastTest" name="testArithmeticRedundantWideningCast" time="0.56" />
  <testcase classname="org.netbeans.modules.java.hints.suggestions.TooStrongCastTest" name="testArithmeticRedundantWideningType" time="0.546" />
  <testcase classname="org.netbeans.modules.java.hints.suggestions.TooStrongCastTest" name="testUnnecessaryCastingPrimitiveToWrapper" time="0.55" />
  <testcase classname="org.netbeans.modules.java.hints.suggestions.TooStrongCastTest" name="testArrayAccess" time="0.578" />
  <testcase classname="org.netbeans.modules.java.hints.suggestions.TooStrongCastTest" name="testVarargRedundantCastFirstItem" time="0.547" />
  <testcase classname="org.netbeans.modules.java.hints.suggestions.TooStrongCastTest" name="testNoHintInferredType" time="0.548" />
  <testcase classname="org.netbeans.modules.java.hints.suggestions.TooStrongCastTest" name="testAssignment" time="0.596" />
  <testcase classname="org.netbeans.modules.java.hints.suggestions.TooStrongCastTest" name="testVarargsOK" time="0.523" />
  <testcase classname="org.netbeans.modules.java.hints.suggestions.TooStrongCastTest" name="testMethods" time="0.592" />
  <testcase classname="org.netbeans.modules.java.hints.suggestions.TooStrongCastTest" name="testReturnType" time="0.586" />
  <testcase classname="org.netbeans.modules.java.hints.suggestions.TooStrongCastTest" name="testVarargStromgCastToItem" time="0.547" />
  <testcase classname="org.netbeans.modules.java.hints.suggestions.TooStrongCastTest" name="testMemberSelectOnPrimitive" time="0.529" />
  <testcase classname="org.netbeans.modules.java.hints.suggestions.TooStrongCastTest" name="testCastWideningPrimitive" time="0.553" />
  <testcase classname="org.netbeans.modules.java.hints.suggestions.TooStrongCastTest" name="testVarargStrongCastToVarArray" time="0.548" />
  <testcase classname="org.netbeans.modules.java.hints.suggestions.TooStrongCastTest" name="testThrowExpression" time="0.548" />
  <testcase classname="org.netbeans.modules.java.hints.suggestions.TooStrongCastTest" name="testArithmeticWidening" time="0.526" />
  <testcase classname="org.netbeans.modules.java.hints.suggestions.TooStrongCastTest" name="testStrongOverloadedMethd" time="0.557" />
  <testcase classname="org.netbeans.modules.java.hints.suggestions.TooStrongCastTest" name="testVarargRedundantCastArray" time="0.546" />
  <testcase classname="org.netbeans.modules.java.hints.suggestions.TooStrongCastTest" name="testCharToCodeConversionFloat" time="0.535" />
  <testcase classname="org.netbeans.modules.java.hints.suggestions.TooStrongCastTest" name="testVarargStrongCastFirstItem" time="0.559" />
  <testcase classname="org.netbeans.modules.java.hints.suggestions.TooStrongCastTest" name="testExpression" time="0.564" />
  <testcase classname="org.netbeans.modules.java.hints.suggestions.TooStrongCastTest" name="testVarargStrongCastNullItem" time="0.536" />
  <testcase classname="org.netbeans.modules.java.hints.suggestions.TooStrongCastTest" name="testVarargRedudantCastToItem" time="0.549" />
  <system-out><![CDATA[]]></system-out>
  <system-err><![CDATA[May 27, 2024 4:37:28 PM org.netbeans.modules.settings.RecognizeInstanceObjects$MSL <clinit>
WARNING: Not listening on module system
May 27, 2024 4:37:28 PM org.netbeans.modules.masterfs.watcher.Watcher getNotifierForPlatform
INFO: Native file watcher is disabled
May 27, 2024 4:37:28 PM org.openide.filesystems.Ordering getOrder
WARNING: Not all children in / marked with the position attribute: [org-netbeans-modules-java-hints-spiimpl-JavaHintsPositionRefresher.instance, org-netbeans-modules-java-hints-spiimpl-hints-HintsTask$HintPositionRefresherHelper.instance, org-netbeans-modules-java-hints-spiimpl-hints-HintsTask$SuggestionsPositionRefresherHelper.instance, org-netbeans-modules-java-hints-spiimpl-options-HintsSettings$GlobalSettingsProvider.instance, org-netbeans-modules-refactoring-java-callhierarchy-LspCallHierarchyProvider.instance, org-netbeans-modules-refactoring-java-plugins-InstantRefactoringPerformer$UndoableWrapper.instance, org-netbeans-modules-refactoring-java-plugins-InstantRefactoringPerformer$RenameDeletedTextInterceptor$Factory.instance, org-netbeans-modules-editor-java-CamelCaseOperations$JavaCamelCaseInterceptor$JavaFactory.instance, org-netbeans-modules-editor-java-JavaKit$JavaTypedBreakInterceptor$JavaFactory.instance, org-netbeans-modules-java-editor-codegen-RemoveSurroundingCodePanel$UnwrapCodeHighlightsLayerFactory.instance, org-netbeans-modules-java-editor-whitelist-WhiteListCheckTask$Factory.instance, org-netbeans-modules-editor-java-JavaKit$JavaDeletedTextInterceptor$Factory.instance, org-netbeans-modules-editor-java-JavaKit$JavaTypedTextInterceptor$Factory.instance, org-netbeans-modules-java-editor-fold-ResourceStringFoldProvider.instance, org-netbeans-modules-java-editor-rename-InstantRenamePerformer$RenameDeletedTextInterceptor$Factory.instance, org-netbeans-modules-whitelist-index-WhiteListIndexerPlugin$Factory.instance, org-netbeans-modules-java-source-indexing-JavaCustomIndexer$Factory-register.instance, org-netbeans-modules-java-source-parsing-JavacParserFactory.instance, org-netbeans-modules-java-source-parsing-VanillaPartialReparser$VerifyPartialReparse$FactoryImpl.instance, org-netbeans-modules-java-hints-declarative-debugging-EvaluationSpanTask$FactoryImpl.instance, org-netbeans-modules-java-hints-infrastructure-ErrorPositionRefresherHelper.instance, org-netbeans-modules-java-hints-infrastructure-JavaErrorProvider.instance, org-netbeans-modules-java-hints-introduce-PositionRefresherHelperImpl.instance, org-netbeans-modules-editor-impl-DocumentFactoryImpl.instance, org-netbeans-modules-editor-url-HighlightURLs$FactoryImpl.instance, org-netbeans-modules-refactoring-spi-impl-UndoableWrapper.instance, org-netbeans-modules-gsf-testrunner-ui-TestMethodFinderImpl$Factory.instance, org-netbeans-modules-editor-fold-ui-FoldingEditorSupport$F.instance, org-netbeans-modules-editor-hints-lsp-HintsDiagnosticsProvider.instance, org-netbeans-modules-java-source-indexing-JavaBinaryIndexer$Factory-register.instance, org-netbeans-modules-java-hints-infrastructure-EmbeddedHintsCollector$Factory.instance], but some are: [org-netbeans-modules-editor-java-JavaStructureProvider.instance, org-netbeans-modules-java-file-launcher-indexer-CompilerOptionsIndexer$FactoryImpl.instance]
May 27, 2024 4:37:28 PM org.netbeans.modules.parsing.impl.indexing.RepositoryUpdater$RootsWork getDone
INFO: Resolving dependencies took: 7 ms
May 27, 2024 4:37:28 PM org.netbeans.modules.parsing.impl.indexing.RepositoryUpdater$AbstractRootsWork scanBinaries
INFO: Complete indexing of 0 binary roots took: 0 ms
May 27, 2024 4:37:28 PM org.netbeans.modules.parsing.impl.indexing.RepositoryUpdater$AbstractRootsWork scanSources
INFO: Complete indexing of 0 source roots took: 0 ms (New or modified files: 0, Deleted files: 0) [Adding listeners took: 0 ms]
May 27, 2024 4:37:29 PM org.openide.filesystems.Ordering getOrder
WARNING: Not all children in / marked with the position attribute: [org-netbeans-modules-java-hints-spiimpl-JavaHintsPositionRefresher.instance, org-netbeans-modules-java-hints-spiimpl-hints-HintsTask$HintPositionRefresherHelper.instance, org-netbeans-modules-java-hints-spiimpl-hints-HintsTask$SuggestionsPositionRefresherHelper.instance, org-netbeans-modules-java-hints-spiimpl-options-HintsSettings$GlobalSettingsProvider.instance, org-netbeans-modules-refactoring-java-callhierarchy-LspCallHierarchyProvider.instance, org-netbeans-modules-refactoring-java-plugins-InstantRefactoringPerformer$UndoableWrapper.instance, org-netbeans-modules-refactoring-java-plugins-InstantRefactoringPerformer$RenameDeletedTextInterceptor$Factory.instance, org-netbeans-modules-editor-java-CamelCaseOperations$JavaCamelCaseInterceptor$JavaFactory.instance, org-netbeans-modules-editor-java-JavaKit$JavaTypedBreakInterceptor$JavaFactory.instance, org-netbeans-modules-java-editor-codegen-RemoveSurroundingCodePanel$UnwrapCodeHighlightsLayerFactory.instance, org-netbeans-modules-java-editor-whitelist-WhiteListCheckTask$Factory.instance, org-netbeans-modules-editor-java-JavaKit$JavaDeletedTextInterceptor$Factory.instance, org-netbeans-modules-editor-java-JavaKit$JavaTypedTextInterceptor$Factory.instance, org-netbeans-modules-java-editor-fold-ResourceStringFoldProvider.instance, org-netbeans-modules-java-editor-rename-InstantRenamePerformer$RenameDeletedTextInterceptor$Factory.instance, org-netbeans-modules-whitelist-index-WhiteListIndexerPlugin$Factory.instance, org-netbeans-modules-java-source-indexing-JavaCustomIndexer$Factory-register.instance, org-netbeans-modules-java-source-parsing-JavacParserFactory.instance, org-netbeans-modules-java-source-parsing-VanillaPartialReparser$VerifyPartialReparse$FactoryImpl.instance, org-netbeans-modules-java-hints-declarative-debugging-EvaluationSpanTask$FactoryImpl.instance, org-netbeans-modules-java-hints-infrastructure-ErrorPositionRefresherHelper.instance, org-netbeans-modules-java-hints-infrastructure-JavaErrorProvider.instance, org-netbeans-modules-java-hints-introduce-PositionRefresherHelperImpl.instance, org-netbeans-modules-editor-impl-DocumentFactoryImpl.instance, org-netbeans-modules-editor-url-HighlightURLs$FactoryImpl.instance, org-netbeans-modules-refactoring-spi-impl-UndoableWrapper.instance, org-netbeans-modules-gsf-testrunner-ui-TestMethodFinderImpl$Factory.instance, org-netbeans-modules-editor-fold-ui-FoldingEditorSupport$F.instance, org-netbeans-modules-editor-hints-lsp-HintsDiagnosticsProvider.instance, org-netbeans-modules-java-source-indexing-JavaBinaryIndexer$Factory-register.instance, org-netbeans-modules-java-hints-infrastructure-EmbeddedHintsCollector$Factory.instance], but some are: [org-netbeans-modules-editor-java-JavaStructureProvider.instance, org-netbeans-modules-java-file-launcher-indexer-CompilerOptionsIndexer$FactoryImpl.instance]
]]></system-err>
</testsuite>
